2023-08-06 06:48:41.107741 - Initialized conversion of CBT738
2023-08-06 06:48:41.403447 - Received CBT.V505.FILE738.PDS from FILE738.XMI 
2023-08-06 06:48:41.406168 - Found $$$#DATE.txt (text/plain) in CBT.V505.FILE738.PDS, moved to PDS/$$$#DATE
2023-08-06 06:48:41.407192 - Found $$DOC.txt (text/plain) in CBT.V505.FILE738.PDS, moved to PDS/$$DOC
2023-08-06 06:48:41.408353 - Found $CHANGES.txt (text/plain) in CBT.V505.FILE738.PDS, moved to PDS/$CHANGES
2023-08-06 06:48:41.409529 - Found $INSTALL.txt (text/plain) in CBT.V505.FILE738.PDS, moved to PDS/$INSTALL
2023-08-06 06:48:41.410560 - Found @FILE738.txt (text/plain) in CBT.V505.FILE738.PDS, moved to PDS/@FILE738
2023-08-06 06:48:41.411514 - Found ABENDER.txt (text/plain) in CBT.V505.FILE738.PDS, moved to PDS/ABENDER
2023-08-06 06:48:41.412433 - Found ASSEMABE.jcl (text/plain) in CBT.V505.FILE738.PDS, moved to PDS/ASSEMABE
2023-08-06 06:48:41.413317 - Found ASSEMWAI.jcl (text/plain) in CBT.V505.FILE738.PDS, moved to PDS/ASSEMWAI
2023-08-06 06:48:41.414206 - Found BADVSAM.rexx (text/plain) in CBT.V505.FILE738.PDS, moved to PDS/BADVSAM
2023-08-06 06:48:41.415096 - Found DYNALC.rexx (text/plain) in CBT.V505.FILE738.PDS, moved to PDS/DYNALC
2023-08-06 06:48:41.416011 - Found HOWCALLD.txt (text/plain) in CBT.V505.FILE738.PDS, moved to PDS/HOWCALLD
2023-08-06 06:48:41.416910 - Found INSTALL.rexx (text/plain) in CBT.V505.FILE738.PDS, moved to PDS/INSTALL
2023-08-06 06:48:41.417781 - Found INSTALL2.jcl (text/plain) in CBT.V505.FILE738.PDS, moved to PDS/INSTALL2
2023-08-06 06:48:41.418881 - Found INSTALL3.jcl (text/plain) in CBT.V505.FILE738.PDS, moved to PDS/INSTALL3
2023-08-06 06:48:41.419772 - Found INSTALL4.jcl (text/plain) in CBT.V505.FILE738.PDS, moved to PDS/INSTALL4
2023-08-06 06:48:41.420769 - Found INSTALL5.jcl (text/plain) in CBT.V505.FILE738.PDS, moved to PDS/INSTALL5
2023-08-06 06:48:41.421715 - Found IVPTEST.jcl (text/plain) in CBT.V505.FILE738.PDS, moved to PDS/IVPTEST
2023-08-06 06:48:41.422646 - Found REOHGPN1.txt (text/plain) in CBT.V505.FILE738.PDS, moved to PDS/REOHGPN1
2023-08-06 06:48:41.423622 - Found REOM00.txt (text/plain) in CBT.V505.FILE738.PDS, moved to PDS/REOM00
2023-08-06 06:48:41.424607 - Found REORGPN1.txt (text/plain) in CBT.V505.FILE738.PDS, moved to PDS/REORGPN1
2023-08-06 06:48:41.425572 - Found REORGPN2.txt (text/plain) in CBT.V505.FILE738.PDS, moved to PDS/REORGPN2
2023-08-06 06:48:41.426520 - Found REORGVS.rexx (text/plain) in CBT.V505.FILE738.PDS, moved to PDS/REORGVS
2023-08-06 06:48:41.427431 - Found REORGVSH.txt (text/plain) in CBT.V505.FILE738.PDS, moved to PDS/REORGVSH
2023-08-06 06:48:41.428359 - Found REORGVSJ.jcl (text/plain) in CBT.V505.FILE738.PDS, moved to PDS/REORGVSJ
2023-08-06 06:48:41.429249 - Found REORGVSS.jcl (text/plain) in CBT.V505.FILE738.PDS, moved to PDS/REORGVSS
2023-08-06 06:48:41.430246 - Found REORGVSX.rexx (text/plain) in CBT.V505.FILE738.PDS, moved to PDS/REORGVSX
2023-08-06 06:48:41.431163 - Found REORGVS1.rexx (text/plain) in CBT.V505.FILE738.PDS, moved to PDS/REORGVS1
2023-08-06 06:48:41.432114 - Found REORGVS2.rexx (text/plain) in CBT.V505.FILE738.PDS, moved to PDS/REORGVS2
2023-08-06 06:48:41.433048 - Found REORGVS3.rexx (text/plain) in CBT.V505.FILE738.PDS, moved to PDS/REORGVS3
2023-08-06 06:48:41.433988 - Found REORGVS4.rexx (text/plain) in CBT.V505.FILE738.PDS, moved to PDS/REORGVS4
2023-08-06 06:48:41.434851 - Found REORGVS5.rexx (text/plain) in CBT.V505.FILE738.PDS, moved to PDS/REORGVS5
2023-08-06 06:48:41.435657 - Found REORGVS6.rexx (text/plain) in CBT.V505.FILE738.PDS, moved to PDS/REORGVS6
2023-08-06 06:48:41.436474 - Found WAITFOR.txt (text/plain) in CBT.V505.FILE738.PDS, moved to PDS/WAITFOR
